<?xml version="1.0" encoding="UTF-8"?>
<testng-results ignored="0" total="1" passed="1" failed="0" skipped="0">
  <reporter-output>
  </reporter-output>
  <suite started-at="2024-12-16T12:59:57 IST" name="Default suite" finished-at="2024-12-16T13:00:24 IST" duration-ms="26443">
    <groups>
      <group name="cucumber">
        <method signature="AbstractTestNGCucumberTests.runScenario(io.cucumber.testng.PickleWrapper,io.cucumber.testng.FeatureWrapper)[pri:0, instance:RunnerClassForCS.RFOHRMlogin@3cdf2c61]" name="runScenario" class="io.cucumber.testng.AbstractTestNGCucumberTests"/>
      </group> <!-- cucumber -->
    </groups>
    <test started-at="2024-12-16T12:59:57 IST" name="Default test" finished-at="2024-12-16T13:00:24 IST" duration-ms="26443">
      <class name="RunnerClassForCS.RFOHRMlogin">
        <test-method is-config="true" signature="setUpClass(org.testng.ITestContext)[pri:0, instance:RunnerClassForCS.RFOHRMlogin@3cdf2c61]" started-at="2024-12-16T12:59:57 IST" name="setUpClass" finished-at="2024-12-16T12:59:58 IST" duration-ms="930" status="PASS">
          <params>
            <param index="0">
              <value>
                <![CDATA[org.testng.TestRunner@55b5cd2b]]>
              </value>
            </param>
          </params>
          <reporter-output>
          </reporter-output>
        </test-method> <!-- setUpClass -->
        <test-method signature="runScenario(io.cucumber.testng.PickleWrapper,io.cucumber.testng.FeatureWrapper)[pri:0, instance:RunnerClassForCS.RFOHRMlogin@3cdf2c61]" started-at="2024-12-16T12:59:58 IST" name="runScenario" description="Runs Cucumber Scenarios" data-provider="scenarios" finished-at="2024-12-16T13:00:23 IST" duration-ms="25344" status="PASS">
          <params>
            <param index="0">
              <value>
                <![CDATA["Search Employee name in AdminTab"]]>
              </value>
            </param>
            <param index="1">
              <value>
                <![CDATA["Admin"]]>
              </value>
            </param>
          </params>
          <reporter-output>
          </reporter-output>
        </test-method> <!-- runScenario -->
        <test-method is-config="true" signature="tearDownClass()[pri:0, instance:RunnerClassForCS.RFOHRMlogin@3cdf2c61]" started-at="2024-12-16T13:00:23 IST" name="tearDownClass" finished-at="2024-12-16T13:00:24 IST" duration-ms="55" status="PASS">
          <reporter-output>
          </reporter-output>
        </test-method> <!-- tearDownClass -->
      </class> <!-- RunnerClassForCS.RFOHRMlogin -->
    </test> <!-- Default test -->
  </suite> <!-- Default suite -->
</testng-results>
