<?xml version="1.0" encoding="UTF-8"?>
<testng-results ignored="0" total="2" passed="2" failed="0" skipped="0">
  <reporter-output>
  </reporter-output>
  <suite started-at="2025-02-16T18:33:51 IST" name="Default suite" finished-at="2025-02-16T18:33:51 IST" duration-ms="105">
    <groups>
    </groups>
    <test started-at="2025-02-16T18:33:51 IST" name="Default test" finished-at="2025-02-16T18:33:51 IST" duration-ms="105">
      <class name="POM.first">
        <test-method signature="test()[pri:0, instance:POM.first@413f69cc]" started-at="2025-02-16T18:33:51 IST" name="test" finished-at="2025-02-16T18:33:51 IST" duration-ms="14" status="PASS">
          <reporter-output>
          </reporter-output>
        </test-method> <!-- test -->
        <test-method signature="testing()[pri:0, instance:POM.first@413f69cc]" started-at="2025-02-16T18:33:51 IST" name="testing" finished-at="2025-02-16T18:33:51 IST" duration-ms="3" status="PASS">
          <reporter-output>
          </reporter-output>
        </test-method> <!-- testing -->
      </class> <!-- POM.first -->
    </test> <!-- Default test -->
  </suite> <!-- Default suite -->
</testng-results>
